
(gedit:3058): Gtk-WARNING **: GtkToolbar 0x2248ea0 reported min size 42 and natural size 8 in get_preferred_width(); natural size must be >= min size

(gedit:3243): Gtk-WARNING **: GtkToolbar 0x2e6ff20 reported min size 42 and natural size 8 in get_preferred_width(); natural size must be >= min size

(gedit:3243): GtkSourceView-WARNING **: words completion scan_line(): 'start' iter not adjusted.

(gedit:3243): GtkSourceView-WARNING **: words completion scan_line(): 'start' iter not adjusted.

(gedit:3243): GtkSourceView-WARNING **: words completion scan_line(): 'text_end' iter not adjusted.

(gedit:3243): Gtk-WARNING **: GtkToolbar 0x3ac0b90 reported min size 42 and natural size 8 in get_preferred_width(); natural size must be >= min size

(gedit:3243): Gtk-WARNING **: GtkToolbar 0x3ac0ed0 reported min size 42 and natural size 8 in get_preferred_width(); natural size must be >= min size

(gedit:3243): Gtk-CRITICAL **: gtk_widget_get_parent: assertion 'GTK_IS_WIDGET (widget)' failed

(gedit:3243): Gtk-CRITICAL **: gtk_widget_has_default: assertion 'GTK_IS_WIDGET (widget)' failed

(gedit:3243): Gtk-CRITICAL **: gtk_widget_get_receives_default: assertion 'GTK_IS_WIDGET (widget)' failed

(gedit:3243): Gtk-CRITICAL **: gtk_widget_get_display: assertion 'GTK_IS_WIDGET (widget)' failed

(gedit:3243): Gdk-CRITICAL **: gdk_display_get_device_manager: assertion 'GDK_IS_DISPLAY (display)' failed

(gedit:3243): Gdk-CRITICAL **: gdk_device_manager_list_devices: assertion 'GDK_IS_DEVICE_MANAGER (device_manager)' failed

(gedit:3243): Gdk-CRITICAL **: gdk_device_manager_list_devices: assertion 'GDK_IS_DEVICE_MANAGER (device_manager)' failed

(gedit:3243): Gdk-CRITICAL **: gdk_device_manager_list_devices: assertion 'GDK_IS_DEVICE_MANAGER (device_manager)' failed

(gedit:3243): Gtk-CRITICAL **: gtk_widget_has_default: assertion 'GTK_IS_WIDGET (widget)' failed

(gedit:3243): Gtk-WARNING **: GtkToolbar 0x3ac0d30 reported min size 42 and natural size 8 in get_preferred_width(); natural size must be >= min size

(gedit:3243): Gtk-WARNING **: GtkToolbar 0x3322db0 reported min size 42 and natural size 8 in get_preferred_width(); natural size must be >= min size
Traceback (most recent call last):
  File "/home/luc/.local/share/gedit/plugins/macropy/macropy.py", line 82, in do_activate
    self._add_ui()   
  File "/home/luc/.local/share/gedit/plugins/macropy/macropy.py", line 60, in _add_ui
    manager = self.window.get_ui_manager()
AttributeError: 'Window' object has no attribute 'get_ui_manager'
TypeError: on_saved_or_loaded() missing 1 required positional argument: 'data'
TypeError: on_saved_or_loaded() missing 1 required positional argument: 'data'
TypeError: on_saved_or_loaded() missing 1 required positional argument: 'data'
TypeError: on_saved_or_loaded() missing 1 required positional argument: 'data'
TypeError: on_saved_or_loaded() missing 1 required positional argument: 'data'
TypeError: on_saved_or_loaded() missing 1 required positional argument: 'data'
TypeError: on_saved_or_loaded() missing 1 required positional argument: 'data'
TypeError: on_saved_or_loaded() missing 1 required positional argument: 'data'
TypeError: on_saved_or_loaded() missing 1 required positional argument: 'data'
TypeError: on_saved_or_loaded() missing 1 required positional argument: 'data'
TypeError: on_saved_or_loaded() missing 1 required positional argument: 'data'
TypeError: on_saved_or_loaded() missing 1 required positional argument: 'data'
TypeError: on_saved_or_loaded() missing 1 required positional argument: 'data'
TypeError: on_saved_or_loaded() missing 1 required positional argument: 'data'
TypeError: on_saved_or_loaded() missing 1 required positional argument: 'data'
TypeError: on_saved_or_loaded() missing 1 required positional argument: 'data'
TypeError: on_saved_or_loaded() missing 1 required positional argument: 'data'
TypeError: on_saved_or_loaded() missing 1 required positional argument: 'data'
TypeError: on_saved_or_loaded() missing 1 required positional argument: 'data'
TypeError: on_saved_or_loaded() missing 1 required positional argument: 'data'
TypeError: on_saved_or_loaded() missing 1 required positional argument: 'data'
TypeError: on_saved_or_loaded() missing 1 required positional argument: 'data'
TypeError: on_saved_or_loaded() missing 1 required positional argument: 'data'
TypeError: on_saved_or_loaded() missing 1 required positional argument: 'data'
TypeError: on_saved_or_loaded() missing 1 required positional argument: 'data'
TypeError: on_saved_or_loaded() missing 1 required positional argument: 'data'
TypeError: on_saved_or_loaded() missing 1 required positional argument: 'data'
TypeError: on_saved_or_loaded() missing 1 required positional argument: 'data'
TypeError: on_saved_or_loaded() missing 1 required positional argument: 'data'
TypeError: on_saved_or_loaded() missing 1 required positional argument: 'data'
TypeError: on_saved_or_loaded() missing 1 required positional argument: 'data'
TypeError: on_saved_or_loaded() missing 1 required positional argument: 'data'
TypeError: on_saved_or_loaded() missing 1 required positional argument: 'data'
TypeError: on_saved_or_loaded() missing 1 required positional argument: 'data'
TypeError: on_saved_or_loaded() missing 1 required positional argument: 'data'
TypeError: on_saved_or_loaded() missing 1 required positional argument: 'data'
TypeError: on_saved_or_loaded() missing 1 required positional argument: 'data'
TypeError: on_saved_or_loaded() missing 1 required positional argument: 'data'
TypeError: on_saved_or_loaded() missing 1 required positional argument: 'data'
TypeError: on_saved_or_loaded() missing 1 required positional argument: 'data'
TypeError: on_saved_or_loaded() missing 1 required positional argument: 'data'
TypeError: on_saved_or_loaded() missing 1 required positional argument: 'data'
TypeError: on_saved_or_loaded() missing 1 required positional argument: 'data'
TypeError: on_saved_or_loaded() missing 1 required positional argument: 'data'
TypeError: on_saved_or_loaded() missing 1 required positional argument: 'data'
TypeError: on_saved_or_loaded() missing 1 required positional argument: 'data'
TypeError: on_saved_or_loaded() missing 1 required positional argument: 'data'
Traceback (most recent call last):
  File "/home/luc/.local/share/gedit/plugins/macropy/macropy.py", line 82, in do_activate
    self._add_ui()   
  File "/home/luc/.local/share/gedit/plugins/macropy/macropy.py", line 60, in _add_ui
    manager = self.window.get_ui_manager()
AttributeError: 'Window' object has no attribute 'get_ui_manager'
TypeError: on_saved_or_loaded() missing 1 required positional argument: 'data'
Traceback (most recent call last):
  File "/home/luc/.local/share/gedit/plugins/macropy/macropy.py", line 88, in do_deactivate
    self._remove_ui()
  File "/home/luc/.local/share/gedit/plugins/macropy/macropy.py", line 117, in _remove_ui
    manager = self.window.get_ui_manager()
AttributeError: 'Window' object has no attribute 'get_ui_manager'
Traceback (most recent call last):
  File "/home/luc/.local/share/gedit/plugins/macropy/macropy.py", line 82, in do_activate
    self._add_ui()   
  File "/home/luc/.local/share/gedit/plugins/macropy/macropy.py", line 60, in _add_ui
    manager = self.window.get_ui_manager()
AttributeError: 'Window' object has no attribute 'get_ui_manager'
TypeError: on_saved_or_loaded() missing 1 required positional argument: 'data'
Traceback (most recent call last):
  File "/home/luc/.local/share/gedit/plugins/macropy/macropy.py", line 88, in do_deactivate
    self._remove_ui()
  File "/home/luc/.local/share/gedit/plugins/macropy/macropy.py", line 117, in _remove_ui
    manager = self.window.get_ui_manager()
AttributeError: 'Window' object has no attribute 'get_ui_manager'
sys:1: Warning: g_object_ref: assertion 'G_IS_OBJECT (object)' failed
sys:1: Warning: g_object_freeze_notify: assertion 'G_IS_OBJECT (object)' failed
sys:1: Warning: g_object_unref: assertion 'G_IS_OBJECT (object)' failed
sys:1: Warning: g_object_notify: assertion 'G_IS_OBJECT (object)' failed
sys:1: Warning: g_object_thaw_notify: assertion 'G_IS_OBJECT (object)' failed
TypeError: on_saved_or_loaded() missing 1 required positional argument: 'data'
TypeError: on_saved_or_loaded() missing 1 required positional argument: 'data'
TypeError: on_saved_or_loaded() missing 1 required positional argument: 'data'
TypeError: on_saved_or_loaded() missing 1 required positional argument: 'data'
TypeError: on_saved_or_loaded() missing 1 required positional argument: 'data'
TypeError: on_saved_or_loaded() missing 1 required positional argument: 'data'
TypeError: on_saved_or_loaded() missing 1 required positional argument: 'data'
Traceback (most recent call last):
  File "/home/luc/.local/share/gedit/plugins/macropy/macropy.py", line 82, in do_activate
    self._add_ui()   
  File "/home/luc/.local/share/gedit/plugins/macropy/macropy.py", line 60, in _add_ui
    manager = self.window.get_ui_manager()
AttributeError: 'Window' object has no attribute 'get_ui_manager'
TypeError: on_saved_or_loaded() missing 1 required positional argument: 'data'
Traceback (most recent call last):
  File "/home/luc/.local/share/gedit/plugins/macropy/macropy.py", line 88, in do_deactivate
    self._remove_ui()
  File "/home/luc/.local/share/gedit/plugins/macropy/macropy.py", line 117, in _remove_ui
    manager = self.window.get_ui_manager()
AttributeError: 'Window' object has no attribute 'get_ui_manager'
TypeError: on_saved_or_loaded() missing 1 required positional argument: 'data'
TypeError: on_saved_or_loaded() missing 1 required positional argument: 'data'
TypeError: on_saved_or_loaded() missing 1 required positional argument: 'data'
Traceback (most recent call last):
  File "/home/luc/.local/share/gedit/plugins/macropy/macropy.py", line 82, in do_activate
    self._add_ui()   
  File "/home/luc/.local/share/gedit/plugins/macropy/macropy.py", line 60, in _add_ui
    manager = self.window.get_ui_manager()
AttributeError: 'Window' object has no attribute 'get_ui_manager'
TypeError: on_saved_or_loaded() missing 1 required positional argument: 'data'
Traceback (most recent call last):
  File "/home/luc/.local/share/gedit/plugins/macropy/macropy.py", line 88, in do_deactivate
    self._remove_ui()
  File "/home/luc/.local/share/gedit/plugins/macropy/macropy.py", line 117, in _remove_ui
    manager = self.window.get_ui_manager()
(gedit:3243): Gtk-WARNING **: GtkToolbar 0x3d164d0 reported min size 42 and natural size 8 in get_preferred_width(); natural size must be >= min size

(gedit:3243): GtkSourceView-WARNING **: words completion scan_line(): 'start' iter not adjusted.

(gedit:3243): Gtk-WARNING **: GtkToolbar 0x3ac0370 reported min size 42 and natural size 8 in get_preferred_width(); natural size must be >= min size

(gedit:3243): Gdk-WARNING **: gedit: Fatal IO error 11 (Ressource temporairement non disponible) on X server :0.

